[2025-04-03 17:12:42] [INFO] Logger initialized.
[2025-04-03 17:12:42] [INFO] 
========+========
程序启动
[2025-04-03 17:12:42] [INFO] 获取或检测配置
[2025-04-03 17:12:42] [WARNING] 未检测到目标进程0
[2025-04-03 17:13:21] [INFO] Logger initialized.
[2025-04-03 17:13:21] [INFO] 
========+========
程序启动
[2025-04-03 17:13:21] [INFO] 获取或检测配置
[2025-04-03 17:13:21] [WARNING] 未检测到目标进程0
[2025-04-03 17:13:26] [WARNING] 未检测到目标进程0
[2025-04-03 17:13:53] [INFO] 检测到进程ID: 31996
[2025-04-03 17:13:59] [INFO] 查看帮助信息
[2025-04-03 17:14:11] [INFO] 正在挂起进程...
[2025-04-03 17:17:41] [INFO] Logger initialized.
[2025-04-03 17:17:41] [INFO] 
========+========
程序启动
[2025-04-03 17:17:41] [INFO] 获取或检测配置
[2025-04-03 17:17:41] [WARNING] 未检测到目标进程0
[2025-04-03 17:18:14] [INFO] 检测到进程ID: 31996
[2025-04-03 17:18:21] [INFO] 查看帮助信息
[2025-04-03 17:18:28] [INFO] 正在挂起进程...
[2025-04-03 17:19:27] [INFO] Logger initialized.
[2025-04-03 17:19:27] [INFO] 
========+========
程序启动
[2025-04-03 17:19:27] [INFO] 获取或检测配置
[2025-04-03 17:19:27] [WARNING] 未检测到目标进程0
[2025-04-03 17:19:55] [INFO] 检测到进程ID: 31996
[2025-04-03 17:19:59] [INFO] 查看帮助信息
[2025-04-03 17:20:06] [INFO] 正在挂起进程...
[2025-04-03 17:20:06] [INFO] 挂起进程成功
[2025-04-03 17:20:07] [INFO] 正在恢复进程...
[2025-04-03 17:20:07] [INFO] 恢复进程成功
[2025-04-03 17:23:20] [INFO] Logger initialized.
[2025-04-03 17:23:20] [INFO] 
========+========
程序启动
[2025-04-03 17:23:20] [INFO] 获取或检测配置
[2025-04-03 17:23:20] [WARNING] 未检测到目标进程0
[2025-04-03 17:34:29] [INFO] Logger initialized.
[2025-04-03 17:34:29] [INFO] 
========+========
程序启动
[2025-04-03 17:34:29] [INFO] 获取或检测配置
[2025-04-03 17:34:29] [WARNING] 未检测到目标进程0
[2025-04-03 17:35:04] [INFO] 检测到进程ID: 33000
[2025-04-03 17:35:23] [INFO] 窗口持续置顶开启
[2025-04-03 17:35:41] [INFO] 窗口持续置顶关闭
[2025-04-03 17:35:48] [INFO] 窗口持续置顶开启
[2025-04-03 17:36:08] [WARNING] 重复开启置顶请求
[2025-04-03 17:36:13] [INFO] 窗口持续置顶关闭
[2025-04-03 17:36:27] [INFO] 查看帮助信息
[2025-04-03 17:36:38] [INFO] 正在挂起进程...
[2025-04-03 17:36:38] [INFO] 挂起进程成功
[2025-04-03 17:36:39] [INFO] 正在恢复进程...
[2025-04-03 17:36:39] [INFO] 恢复进程成功
[2025-04-03 17:39:28] [INFO] Logger initialized.
[2025-04-03 17:39:28] [INFO] 
========+========
程序启动
[2025-04-03 17:39:28] [INFO] 获取或检测配置
[2025-04-03 17:39:28] [WARNING] 未检测到目标进程0
